<?xml version="1.0" encoding="UTF-8"?>
<testng-results total="2" passed="2" failed="0" skipped="0">
  <reporter-output>
  </reporter-output>
  <suite started-at="2022-10-10T09:12:01Z" name="Surefire suite" finished-at="2022-10-10T09:12:43Z" duration-ms="41351">
    <groups>
    </groups>
    <test started-at="2022-10-10T09:12:01Z" name="Surefire test" finished-at="2022-10-10T09:12:43Z" duration-ms="41351">
      <class name="demo.Example1">
        <test-method is-config="true" signature="beforetest()[pri:0, instance:demo.Example1@1d296da]" started-at="2022-10-10T14:42:01Z" name="beforetest" finished-at="2022-10-10T14:42:20Z" duration-ms="18720" status="PASS">
          <reporter-output>
          </reporter-output>
        </test-method> <!-- beforetest -->
        <test-method signature="Testcase1()[pri:0, instance:demo.Example1@1d296da]" started-at="2022-10-10T14:42:20Z" name="Testcase1" finished-at="2022-10-10T14:42:23Z" duration-ms="2662" status="PASS">
          <reporter-output>
          </reporter-output>
        </test-method> <!-- Testcase1 -->
        <test-method signature="Testcase2()[pri:0, instance:demo.Example1@1d296da]" started-at="2022-10-10T14:42:23Z" name="Testcase2" finished-at="2022-10-10T14:42:39Z" duration-ms="15915" status="PASS">
          <reporter-output>
          </reporter-output>
        </test-method> <!-- Testcase2 -->
        <test-method is-config="true" signature="AT()[pri:0, instance:demo.Example1@1d296da]" started-at="2022-10-10T14:42:39Z" name="AT" finished-at="2022-10-10T14:42:43Z" duration-ms="4025" status="PASS">
          <reporter-output>
          </reporter-output>
        </test-method> <!-- AT -->
      </class> <!-- demo.Example1 -->
    </test> <!-- Surefire test -->
  </suite> <!-- Surefire suite -->
</testng-results>
