<?xml version="1.0" encoding="UTF-8"?>
<testng-results total="3" passed="3" failed="0" skipped="0">
  <reporter-output>
  </reporter-output>
  <suite started-at="2022-10-17T03:46:10Z" name="Default suite" finished-at="2022-10-17T03:46:49Z" duration-ms="39078">
    <groups>
    </groups>
    <test started-at="2022-10-17T03:46:10Z" name="Default test" finished-at="2022-10-17T03:46:49Z" duration-ms="39078">
      <class name="demo.task18">
        <test-method is-config="true" signature="beforetest()[pri:0, instance:demo.task18@225129c]" started-at="2022-10-17T09:16:10Z" name="beforetest" finished-at="2022-10-17T09:16:28Z" duration-ms="18166" status="PASS">
          <reporter-output>
          </reporter-output>
        </test-method> <!-- beforetest -->
        <test-method signature="Testcase()[pri:0, instance:demo.task18@225129c]" started-at="2022-10-17T09:16:28Z" name="Testcase" finished-at="2022-10-17T09:16:29Z" duration-ms="1495" status="PASS">
          <reporter-output>
          </reporter-output>
        </test-method> <!-- Testcase -->
        <test-method signature="testcase1()[pri:1, instance:demo.task18@225129c]" started-at="2022-10-17T09:16:29Z" name="testcase1" finished-at="2022-10-17T09:16:42Z" duration-ms="13170" status="PASS">
          <reporter-output>
          </reporter-output>
        </test-method> <!-- testcase1 -->
        <test-method signature="Testcase3()[pri:2, instance:demo.task18@225129c]" started-at="2022-10-17T09:16:42Z" name="Testcase3" finished-at="2022-10-17T09:16:49Z" duration-ms="6204" status="PASS">
          <reporter-output>
          </reporter-output>
        </test-method> <!-- Testcase3 -->
      </class> <!-- demo.task18 -->
    </test> <!-- Default test -->
  </suite> <!-- Default suite -->
</testng-results>
